Start testing: Sep 13 18:18 MSK
----------------------------------------------------------
1/1 Testing: check
1/1 Test: check
Command: "/home/dt/zachet/_build/check"
Directory: /home/dt/zachet/_build
"check" start time: Sep 13 18:18 MSK
Output:
----------------------------------------------------------
[==========] Running 2 tests from 1 test suite.
[----------] Global test environment set-up.
[----------] 2 tests from FunctionTest
[ RUN      ] FunctionTest.BasicTest
[       OK ] FunctionTest.BasicTest (0 ms)
[ RUN      ] FunctionTest.EdgeCases
<end of output>
Test time =   0.00 sec
----------------------------------------------------------
Test Failed.
"check" end time: Sep 13 18:18 MSK
"check" time elapsed: 00:00:00
----------------------------------------------------------

End testing: Sep 13 18:18 MSK
